c:\users\c00287898\documents\projectwork\prototory\prototory sfml\prototory sfml\debug\vc143.pdb
c:\users\c00287898\documents\projectwork\prototory\prototory sfml\prototory sfml\debug\vc143.idb
c:\users\c00287898\documents\projectwork\prototory\prototory sfml\prototory sfml\debug\worldgenerator.obj
c:\users\c00287898\documents\projectwork\prototory\prototory sfml\prototory sfml\debug\tilemap.obj
c:\users\c00287898\documents\projectwork\prototory\prototory sfml\prototory sfml\debug\settings.obj
c:\users\c00287898\documents\projectwork\prototory\prototory sfml\prototory sfml\debug\scenemanager.obj
c:\users\c00287898\documents\projectwork\prototory\prototory sfml\prototory sfml\debug\player.obj
c:\users\c00287898\documents\projectwork\prototory\prototory sfml\prototory sfml\debug\perlinnoisegenerator.obj
c:\users\c00287898\documents\projectwork\prototory\prototory sfml\prototory sfml\debug\mainmenu.obj
c:\users\c00287898\documents\projectwork\prototory\prototory sfml\prototory sfml\debug\main.obj
c:\users\c00287898\documents\projectwork\prototory\prototory sfml\prototory sfml\debug\loadingscreen.obj
c:\users\c00287898\documents\projectwork\prototory\prototory sfml\prototory sfml\debug\items.obj
c:\users\c00287898\documents\projectwork\prototory\prototory sfml\prototory sfml\debug\hashnoisegenerator.obj
c:\users\c00287898\documents\projectwork\prototory\prototory sfml\prototory sfml\debug\gameplay.obj
c:\users\c00287898\documents\projectwork\prototory\prototory sfml\prototory sfml\debug\game.obj
c:\users\c00287898\documents\projectwork\prototory\prototory sfml\prototory sfml\debug\button.obj
c:\users\c00287898\documents\projectwork\prototory\prototory sfml\prototory sfml\debug\chunkmanager.obj
c:\users\c00287898\documents\projectwork\prototory\prototory sfml\debug\prototory sfml.exe
c:\users\c00287898\documents\projectwork\prototory\prototory sfml\debug\prototory sfml.pdb
c:\users\c00287898\documents\projectwork\prototory\prototory sfml\prototory sfml\debug\prototory sfml.ilk
c:\users\c00287898\documents\projectwork\prototory\prototory sfml\prototory sfml\debug\prototory sfml.tlog\cl.command.1.tlog
c:\users\c00287898\documents\projectwork\prototory\prototory sfml\prototory sfml\debug\prototory sfml.tlog\cl.items.tlog
c:\users\c00287898\documents\projectwork\prototory\prototory sfml\prototory sfml\debug\prototory sfml.tlog\cl.read.1.tlog
c:\users\c00287898\documents\projectwork\prototory\prototory sfml\prototory sfml\debug\prototory sfml.tlog\cl.write.1.tlog
c:\users\c00287898\documents\projectwork\prototory\prototory sfml\prototory sfml\debug\prototory sfml.tlog\link.command.1.tlog
c:\users\c00287898\documents\projectwork\prototory\prototory sfml\prototory sfml\debug\prototory sfml.tlog\link.read.1.tlog
c:\users\c00287898\documents\projectwork\prototory\prototory sfml\prototory sfml\debug\prototory sfml.tlog\link.secondary.1.tlog
c:\users\c00287898\documents\projectwork\prototory\prototory sfml\prototory sfml\debug\prototory sfml.tlog\link.write.1.tlog
